Determining if the pthread_create exist failed with the following output:
Change Dir: /home/p3d/Desktop/Pratical_Project_RMA/AR4RGB/Build/CMakeFiles/CMakeTmp

Run Build Command:"/usr/bin/make" "cmTC_369af/fast"
/usr/bin/make -f CMakeFiles/cmTC_369af.dir/build.make CMakeFiles/cmTC_369af.dir/build
make[1]: Entering directory '/home/p3d/Desktop/Pratical_Project_RMA/AR4RGB/Build/CMakeFiles/CMakeTmp'
Building C object CMakeFiles/cmTC_369af.dir/CheckSymbolExists.c.o
/usr/bin/cc    -o CMakeFiles/cmTC_369af.dir/CheckSymbolExists.c.o   -c /home/p3d/Desktop/Pratical_Project_RMA/AR4RGB/Build/CMakeFiles/CMakeTmp/CheckSymbolExists.c
Linking C executable cmTC_369af
/usr/bin/cmake -E cmake_link_script CMakeFiles/cmTC_369af.dir/link.txt --verbose=1
/usr/bin/cc      -rdynamic CMakeFiles/cmTC_369af.dir/CheckSymbolExists.c.o  -o cmTC_369af 
CMakeFiles/cmTC_369af.dir/CheckSymbolExists.c.o: In function `main':
CheckSymbolExists.c:(.text+0x1b): undefined reference to `pthread_create'
collect2: error: ld returned 1 exit status
CMakeFiles/cmTC_369af.dir/build.make:97: recipe for target 'cmTC_369af' failed
make[1]: *** [cmTC_369af] Error 1
make[1]: Leaving directory '/home/p3d/Desktop/Pratical_Project_RMA/AR4RGB/Build/CMakeFiles/CMakeTmp'
Makefile:126: recipe for target 'cmTC_369af/fast' failed
make: *** [cmTC_369af/fast] Error 2

File /home/p3d/Desktop/Pratical_Project_RMA/AR4RGB/Build/CMakeFiles/CMakeTmp/CheckSymbolExists.c:
/* */
#include <pthread.h>

int main(int argc, char** argv)
{
  (void)argv;
#ifndef pthread_create
  return ((int*)(&pthread_create))[argc];
#else
  (void)argc;
  return 0;
#endif
}

Determining if the function pthread_create exists in the pthreads failed with the following output:
Change Dir: /home/p3d/Desktop/Pratical_Project_RMA/AR4RGB/Build/CMakeFiles/CMakeTmp

Run Build Command:"/usr/bin/make" "cmTC_7e64c/fast"
/usr/bin/make -f CMakeFiles/cmTC_7e64c.dir/build.make CMakeFiles/cmTC_7e64c.dir/build
make[1]: Entering directory '/home/p3d/Desktop/Pratical_Project_RMA/AR4RGB/Build/CMakeFiles/CMakeTmp'
Building C object CMakeFiles/cmTC_7e64c.dir/CheckFunctionExists.c.o
/usr/bin/cc   -DCHECK_FUNCTION_EXISTS=pthread_create   -o CMakeFiles/cmTC_7e64c.dir/CheckFunctionExists.c.o   -c /usr/share/cmake-3.10/Modules/CheckFunctionExists.c
Linking C executable cmTC_7e64c
/usr/bin/cmake -E cmake_link_script CMakeFiles/cmTC_7e64c.dir/link.txt --verbose=1
/usr/bin/cc  -DCHECK_FUNCTION_EXISTS=pthread_create    -rdynamic CMakeFiles/cmTC_7e64c.dir/CheckFunctionExists.c.o  -o cmTC_7e64c -lpthreads 
/usr/bin/ld: cannot find -lpthreads
collect2: error: ld returned 1 exit status
CMakeFiles/cmTC_7e64c.dir/build.make:97: recipe for target 'cmTC_7e64c' failed
make[1]: *** [cmTC_7e64c] Error 1
make[1]: Leaving directory '/home/p3d/Desktop/Pratical_Project_RMA/AR4RGB/Build/CMakeFiles/CMakeTmp'
Makefile:126: recipe for target 'cmTC_7e64c/fast' failed
make: *** [cmTC_7e64c/fast] Error 2


